1970-01-01 01:02:11 startup archives unpack
1970-01-01 01:02:11 install dos2unix:armhf <none> 6.0.4-1
1970-01-01 01:02:11 status half-installed dos2unix:armhf 6.0.4-1
1970-01-01 01:02:11 status triggers-pending man-db:armhf 2.7.0.2-5
1970-01-01 01:02:12 status unpacked dos2unix:armhf 6.0.4-1
1970-01-01 01:02:12 status unpacked dos2unix:armhf 6.0.4-1
1970-01-01 01:02:12 trigproc man-db:armhf 2.7.0.2-5 <none>
1970-01-01 01:02:12 status half-configured man-db:armhf 2.7.0.2-5
1970-01-01 01:02:12 status installed man-db:armhf 2.7.0.2-5
1970-01-01 01:02:13 startup packages configure
1970-01-01 01:02:13 configure dos2unix:armhf 6.0.4-1 <none>
1970-01-01 01:02:13 status unpacked dos2unix:armhf 6.0.4-1
1970-01-01 01:02:13 status half-configured dos2unix:armhf 6.0.4-1
1970-01-01 01:02:13 status installed dos2unix:armhf 6.0.4-1
1970-01-01 01:02:13 startup packages configure
1970-01-01 01:01:13 startup packages remove
1970-01-01 01:01:13 status installed bind9-host:armhf 1:9.9.5.dfsg-9+deb8u6
1970-01-01 01:01:14 remove bind9-host:armhf 1:9.9.5.dfsg-9+deb8u6 <none>
1970-01-01 01:01:14 status half-configured bind9-host:armhf 1:9.9.5.dfsg-9+deb8u6
1970-01-01 01:01:14 status half-installed bind9-host:armhf 1:9.9.5.dfsg-9+deb8u6
1970-01-01 01:01:14 status triggers-pending man-db:armhf 2.7.0.2-5
1970-01-01 01:01:15 status config-files bind9-host:armhf 1:9.9.5.dfsg-9+deb8u6
1970-01-01 01:01:15 status config-files bind9-host:armhf 1:9.9.5.dfsg-9+deb8u6
1970-01-01 01:01:16 status config-files bind9-host:armhf 1:9.9.5.dfsg-9+deb8u6
1970-01-01 01:01:16 status not-installed bind9-host:armhf <none>
1970-01-01 01:01:16 status installed dc:armhf 1.06.95-9
1970-01-01 01:01:16 remove dc:armhf 1.06.95-9 <none>
1970-01-01 01:01:16 status half-configured dc:armhf 1.06.95-9
1970-01-01 01:01:16 status half-installed dc:armhf 1.06.95-9
1970-01-01 01:01:16 status triggers-pending install-info:armhf 5.2.0.dfsg.1-6
1970-01-01 01:01:17 status config-files dc:armhf 1.06.95-9
1970-01-01 01:01:17 status config-files dc:armhf 1.06.95-9
1970-01-01 01:01:17 status installed fakeroot:armhf 1.20.2-1
1970-01-01 01:01:17 remove fakeroot:armhf 1.20.2-1 <none>
1970-01-01 01:01:17 status half-configured fakeroot:armhf 1.20.2-1
1970-01-01 01:01:18 status half-installed fakeroot:armhf 1.20.2-1
1970-01-01 01:01:18 status config-files fakeroot:armhf 1.20.2-1
1970-01-01 01:01:18 status config-files fakeroot:armhf 1.20.2-1
1970-01-01 01:01:19 status installed libalgorithm-merge-perl:all 0.08-2
1970-01-01 01:01:19 remove libalgorithm-merge-perl:all 0.08-2 <none>
1970-01-01 01:01:19 status half-configured libalgorithm-merge-perl:all 0.08-2
1970-01-01 01:01:19 status half-installed libalgorithm-merge-perl:all 0.08-2
1970-01-01 01:01:19 status config-files libalgorithm-merge-perl:all 0.08-2
1970-01-01 01:01:19 status config-files libalgorithm-merge-perl:all 0.08-2
1970-01-01 01:01:19 status config-files libalgorithm-merge-perl:all 0.08-2
1970-01-01 01:01:19 status not-installed libalgorithm-merge-perl:all <none>
1970-01-01 01:01:19 status installed libalgorithm-diff-xs-perl:armhf 0.04-3+b1
1970-01-01 01:01:19 remove libalgorithm-diff-xs-perl:armhf 0.04-3+b1 <none>
1970-01-01 01:01:19 status half-configured libalgorithm-diff-xs-perl:armhf 0.04-3+b1
1970-01-01 01:01:19 status half-installed libalgorithm-diff-xs-perl:armhf 0.04-3+b1
1970-01-01 01:01:20 status config-files libalgorithm-diff-xs-perl:armhf 0.04-3+b1
1970-01-01 01:01:20 status config-files libalgorithm-diff-xs-perl:armhf 0.04-3+b1
1970-01-01 01:01:20 status config-files libalgorithm-diff-xs-perl:armhf 0.04-3+b1
1970-01-01 01:01:20 status not-installed libalgorithm-diff-xs-perl:armhf <none>
1970-01-01 01:01:20 status installed libalgorithm-diff-perl:all 1.19.02-3
1970-01-01 01:01:20 remove libalgorithm-diff-perl:all 1.19.02-3 <none>
1970-01-01 01:01:20 status half-configured libalgorithm-diff-perl:all 1.19.02-3
1970-01-01 01:01:20 status half-installed libalgorithm-diff-perl:all 1.19.02-3
1970-01-01 01:01:20 status config-files libalgorithm-diff-perl:all 1.19.02-3
1970-01-01 01:01:20 status config-files libalgorithm-diff-perl:all 1.19.02-3
1970-01-01 01:01:20 status config-files libalgorithm-diff-perl:all 1.19.02-3
1970-01-01 01:01:20 status not-installed libalgorithm-diff-perl:all <none>
1970-01-01 01:01:20 status installed libavahi-core7:armhf 0.6.31-5
1970-01-01 01:01:20 remove libavahi-core7:armhf 0.6.31-5 <none>
1970-01-01 01:01:20 status half-configured libavahi-core7:armhf 0.6.31-5
1970-01-01 01:01:20 status half-installed libavahi-core7:armhf 0.6.31-5
1970-01-01 01:01:20 status triggers-pending libc-bin:armhf 2.19-18+deb8u4
1970-01-01 01:01:20 status config-files libavahi-core7:armhf 0.6.31-5
1970-01-01 01:01:20 status config-files libavahi-core7:armhf 0.6.31-5
1970-01-01 01:01:20 status installed libavahi-common3:armhf 0.6.31-5
1970-01-01 01:01:20 remove libavahi-common3:armhf 0.6.31-5 <none>
1970-01-01 01:01:20 status half-configured libavahi-common3:armhf 0.6.31-5
1970-01-01 01:01:20 status half-installed libavahi-common3:armhf 0.6.31-5
1970-01-01 01:01:20 status config-files libavahi-common3:armhf 0.6.31-5
1970-01-01 01:01:20 status config-files libavahi-common3:armhf 0.6.31-5
1970-01-01 01:01:21 status installed libavahi-common-data:armhf 0.6.31-5
1970-01-01 01:01:21 remove libavahi-common-data:armhf 0.6.31-5 <none>
1970-01-01 01:01:21 status half-configured libavahi-common-data:armhf 0.6.31-5
1970-01-01 01:01:21 status half-installed libavahi-common-data:armhf 0.6.31-5
1970-01-01 01:01:21 status config-files libavahi-common-data:armhf 0.6.31-5
1970-01-01 01:01:21 status config-files libavahi-common-data:armhf 0.6.31-5
1970-01-01 01:01:21 status config-files libavahi-common-data:armhf 0.6.31-5
1970-01-01 01:01:21 status not-installed libavahi-common-data:armhf <none>
1970-01-01 01:01:21 status installed libbind9-90:armhf 1:9.9.5.dfsg-9+deb8u6
1970-01-01 01:01:21 remove libbind9-90:armhf 1:9.9.5.dfsg-9+deb8u6 <none>
1970-01-01 01:01:21 status half-configured libbind9-90:armhf 1:9.9.5.dfsg-9+deb8u6
1970-01-01 01:01:21 status half-installed libbind9-90:armhf 1:9.9.5.dfsg-9+deb8u6
1970-01-01 01:01:21 status config-files libbind9-90:armhf 1:9.9.5.dfsg-9+deb8u6
1970-01-01 01:01:22 status config-files libbind9-90:armhf 1:9.9.5.dfsg-9+deb8u6
1970-01-01 01:01:22 status installed libcap-ng0:armhf 0.7.4-2
1970-01-01 01:01:22 remove libcap-ng0:armhf 0.7.4-2 <none>
1970-01-01 01:01:22 status half-configured libcap-ng0:armhf 0.7.4-2
1970-01-01 01:01:22 status half-installed libcap-ng0:armhf 0.7.4-2
1970-01-01 01:01:23 status config-files libcap-ng0:armhf 0.7.4-2
1970-01-01 01:01:23 status config-files libcap-ng0:armhf 0.7.4-2
1970-01-01 01:01:23 status installed libdaemon0:armhf 0.14-6
1970-01-01 01:01:24 remove libdaemon0:armhf 0.14-6 <none>
1970-01-01 01:01:24 status half-configured libdaemon0:armhf 0.14-6
1970-01-01 01:01:27 status half-installed libdaemon0:armhf 0.14-6
1970-01-01 01:01:27 status config-files libdaemon0:armhf 0.14-6
1970-01-01 01:01:27 status config-files libdaemon0:armhf 0.14-6
1970-01-01 01:01:27 status installed libisccfg90:armhf 1:9.9.5.dfsg-9+deb8u6
1970-01-01 01:01:28 remove libisccfg90:armhf 1:9.9.5.dfsg-9+deb8u6 <none>
1970-01-01 01:01:28 status half-configured libisccfg90:armhf 1:9.9.5.dfsg-9+deb8u6
1970-01-01 01:01:28 status half-installed libisccfg90:armhf 1:9.9.5.dfsg-9+deb8u6
1970-01-01 01:01:28 status config-files libisccfg90:armhf 1:9.9.5.dfsg-9+deb8u6
1970-01-01 01:01:28 status config-files libisccfg90:armhf 1:9.9.5.dfsg-9+deb8u6
1970-01-01 01:01:28 status installed libdns100:armhf 1:9.9.5.dfsg-9+deb8u6
1970-01-01 01:01:29 remove libdns100:armhf 1:9.9.5.dfsg-9+deb8u6 <none>
1970-01-01 01:01:29 status half-configured libdns100:armhf 1:9.9.5.dfsg-9+deb8u6
1970-01-01 01:01:29 status half-installed libdns100:armhf 1:9.9.5.dfsg-9+deb8u6
1970-01-01 01:01:29 status config-files libdns100:armhf 1:9.9.5.dfsg-9+deb8u6
1970-01-01 01:01:29 status config-files libdns100:armhf 1:9.9.5.dfsg-9+deb8u6
1970-01-01 01:01:30 status installed libdpkg-perl:all 1.17.26
1970-01-01 01:01:30 remove libdpkg-perl:all 1.17.26 <none>
1970-01-01 01:01:30 status half-configured libdpkg-perl:all 1.17.26
1970-01-01 01:01:30 status half-installed libdpkg-perl:all 1.17.26
1970-01-01 01:01:30 status config-files libdpkg-perl:all 1.17.26
1970-01-01 01:01:31 status config-files libdpkg-perl:all 1.17.26
1970-01-01 01:01:31 status config-files libdpkg-perl:all 1.17.26
1970-01-01 01:01:31 status not-installed libdpkg-perl:all <none>
1970-01-01 01:01:31 status installed libfakeroot:armhf 1.20.2-1
1970-01-01 01:01:32 remove libfakeroot:armhf 1.20.2-1 <none>
1970-01-01 01:01:32 status half-configured libfakeroot:armhf 1.20.2-1
1970-01-01 01:01:32 status half-installed libfakeroot:armhf 1.20.2-1
1970-01-01 01:01:32 status config-files libfakeroot:armhf 1.20.2-1
1970-01-01 01:01:32 status config-files libfakeroot:armhf 1.20.2-1
1970-01-01 01:01:32 status installed libfile-fcntllock-perl:armhf 0.22-1+b1
1970-01-01 01:01:33 remove libfile-fcntllock-perl:armhf 0.22-1+b1 <none>
1970-01-01 01:01:33 status half-configured libfile-fcntllock-perl:armhf 0.22-1+b1
1970-01-01 01:01:33 status half-installed libfile-fcntllock-perl:armhf 0.22-1+b1
1970-01-01 01:01:34 status config-files libfile-fcntllock-perl:armhf 0.22-1+b1
1970-01-01 01:01:34 status config-files libfile-fcntllock-perl:armhf 0.22-1+b1
1970-01-01 01:01:34 status config-files libfile-fcntllock-perl:armhf 0.22-1+b1
1970-01-01 01:01:34 status not-installed libfile-fcntllock-perl:armhf <none>
1970-01-01 01:01:34 status installed libisccc90:armhf 1:9.9.5.dfsg-9+deb8u6
1970-01-01 01:01:34 remove libisccc90:armhf 1:9.9.5.dfsg-9+deb8u6 <none>
1970-01-01 01:01:34 status half-configured libisccc90:armhf 1:9.9.5.dfsg-9+deb8u6
1970-01-01 01:01:34 status half-installed libisccc90:armhf 1:9.9.5.dfsg-9+deb8u6
1970-01-01 01:01:35 status config-files libisccc90:armhf 1:9.9.5.dfsg-9+deb8u6
1970-01-01 01:01:35 status config-files libisccc90:armhf 1:9.9.5.dfsg-9+deb8u6
1970-01-01 01:01:35 status installed libisc95:armhf 1:9.9.5.dfsg-9+deb8u6
1970-01-01 01:01:35 remove libisc95:armhf 1:9.9.5.dfsg-9+deb8u6 <none>
1970-01-01 01:01:35 status half-configured libisc95:armhf 1:9.9.5.dfsg-9+deb8u6
1970-01-01 01:01:36 status half-installed libisc95:armhf 1:9.9.5.dfsg-9+deb8u6
1970-01-01 01:01:36 status config-files libisc95:armhf 1:9.9.5.dfsg-9+deb8u6
1970-01-01 01:01:37 status config-files libisc95:armhf 1:9.9.5.dfsg-9+deb8u6
1970-01-01 01:01:37 status installed liblwres90:armhf 1:9.9.5.dfsg-9+deb8u6
1970-01-01 01:01:37 remove liblwres90:armhf 1:9.9.5.dfsg-9+deb8u6 <none>
1970-01-01 01:01:37 status half-configured liblwres90:armhf 1:9.9.5.dfsg-9+deb8u6
1970-01-01 01:01:37 status half-installed liblwres90:armhf 1:9.9.5.dfsg-9+deb8u6
1970-01-01 01:01:38 status config-files liblwres90:armhf 1:9.9.5.dfsg-9+deb8u6
1970-01-01 01:01:38 status config-files liblwres90:armhf 1:9.9.5.dfsg-9+deb8u6
1970-01-01 01:01:38 status installed libopts25:armhf 1:5.18.4-3
1970-01-01 01:01:38 remove libopts25:armhf 1:5.18.4-3 <none>
1970-01-01 01:01:38 status half-configured libopts25:armhf 1:5.18.4-3
1970-01-01 01:01:38 status half-installed libopts25:armhf 1:5.18.4-3
1970-01-01 01:01:38 status config-files libopts25:armhf 1:5.18.4-3
1970-01-01 01:01:38 status config-files libopts25:armhf 1:5.18.4-3
1970-01-01 01:01:38 status installed libtimedate-perl:all 2.3000-2
1970-01-01 01:01:39 remove libtimedate-perl:all 2.3000-2 <none>
1970-01-01 01:01:39 status half-configured libtimedate-perl:all 2.3000-2
1970-01-01 01:01:39 status half-installed libtimedate-perl:all 2.3000-2
1970-01-01 01:01:39 status config-files libtimedate-perl:all 2.3000-2
1970-01-01 01:01:39 status config-files libtimedate-perl:all 2.3000-2
1970-01-01 01:01:39 status config-files libtimedate-perl:all 2.3000-2
1970-01-01 01:01:39 status not-installed libtimedate-perl:all <none>
1970-01-01 01:01:39 trigproc man-db:armhf 2.7.0.2-5 <none>
1970-01-01 01:01:39 status half-configured man-db:armhf 2.7.0.2-5
1970-01-01 01:02:10 status installed man-db:armhf 2.7.0.2-5
1970-01-01 01:02:10 trigproc install-info:armhf 5.2.0.dfsg.1-6 <none>
1970-01-01 01:02:10 status half-configured install-info:armhf 5.2.0.dfsg.1-6
1970-01-01 01:02:10 status installed install-info:armhf 5.2.0.dfsg.1-6
1970-01-01 01:02:10 trigproc libc-bin:armhf 2.19-18+deb8u4 <none>
1970-01-01 01:02:10 status half-configured libc-bin:armhf 2.19-18+deb8u4
1970-01-01 01:02:10 status installed libc-bin:armhf 2.19-18+deb8u4
1970-01-01 01:02:11 startup packages configure
